===== Mexico-Clima | Grupo 3 ICCD332 =====
[OK] Dato guardado: 2026-07-13 21:30:07 | Mexico City | temp=19.22C | light rain
===== Mexico-Clima | Grupo 3 ICCD332 =====
[OK] Dato guardado: 2026-07-13 21:45:04 | Mexico City | temp=15.5C | light rain
===== Mexico-Clima | Grupo 3 ICCD332 =====
[OK] Dato guardado: 2026-07-13 22:00:03 | Mexico City | temp=15.5C | light rain
===== Mexico-Clima | Grupo 3 ICCD332 =====
[OK] Dato guardado: 2026-07-13 22:15:04 | Mexico City | temp=15.5C | light rain
===== Mexico-Clima | Grupo 3 ICCD332 =====
[OK] Dato guardado: 2026-07-13 22:30:03 | Mexico City | temp=15.53C | light rain
===== Mexico-Clima | Grupo 3 ICCD332 =====
[OK] Dato guardado: 2026-07-13 22:45:03 | Mexico City | temp=15.5C | light rain
===== Mexico-Clima | Grupo 3 ICCD332 =====
[OK] Dato guardado: 2026-07-13 23:00:03 | Mexico City | temp=15.5C | light rain
===== Mexico-Clima | Grupo 3 ICCD332 =====
[OK] Dato guardado: 2026-07-13 23:15:02 | Mexico City | temp=16.61C | light rain
===== Mexico-Clima | Grupo 3 ICCD332 =====
[OK] Dato guardado: 2026-07-13 23:30:03 | Mexico City | temp=16.64C | light rain
===== Mexico-Clima | Grupo 3 ICCD332 =====
[OK] Dato guardado: 2026-07-13 23:45:02 | Mexico City | temp=16.61C | overcast clouds
===== Mexico-Clima | Grupo 3 ICCD332 =====
[OK] Dato guardado: 2026-07-14 00:00:03 | Mexico City | temp=16.61C | overcast clouds
===== Mexico-Clima | Grupo 3 ICCD332 =====
[OK] Dato guardado: 2026-07-14 00:15:02 | Mexico City | temp=15.5C | overcast clouds
===== Mexico-Clima | Grupo 3 ICCD332 =====
[OK] Dato guardado: 2026-07-14 00:30:03 | Mexico City | temp=15.5C | overcast clouds
===== Mexico-Clima | Grupo 3 ICCD332 =====
[OK] Dato guardado: 2026-07-14 00:45:02 | Mexico City | temp=15.5C | broken clouds
===== Mexico-Clima | Grupo 3 ICCD332 =====
[OK] Dato guardado: 2026-07-14 01:00:04 | Mexico City | temp=15.5C | broken clouds
===== Mexico-Clima | Grupo 3 ICCD332 =====
[OK] Dato guardado: 2026-07-14 01:15:02 | Mexico City | temp=15.5C | broken clouds
===== Mexico-Clima | Grupo 3 ICCD332 =====
[OK] Dato guardado: 2026-07-14 01:30:03 | Mexico City | temp=15.5C | broken clouds
===== Mexico-Clima | Grupo 3 ICCD332 =====
[OK] Dato guardado: 2026-07-14 01:45:02 | Mexico City | temp=15.5C | broken clouds
===== Mexico-Clima | Grupo 3 ICCD332 =====
[OK] Dato guardado: 2026-07-14 02:00:03 | Mexico City | temp=15.5C | broken clouds
===== Mexico-Clima | Grupo 3 ICCD332 =====
[OK] Dato guardado: 2026-07-14 02:15:02 | Mexico City | temp=14.94C | broken clouds
===== Mexico-Clima | Grupo 3 ICCD332 =====
[OK] Dato guardado: 2026-07-14 02:30:04 | Mexico City | temp=14.94C | broken clouds
===== Mexico-Clima | Grupo 3 ICCD332 =====
[OK] Dato guardado: 2026-07-14 02:45:04 | Mexico City | temp=14.94C | broken clouds
===== Mexico-Clima | Grupo 3 ICCD332 =====
[OK] Dato guardado: 2026-07-14 03:00:04 | Mexico City | temp=14.94C | broken clouds
===== Mexico-Clima | Grupo 3 ICCD332 =====
[OK] Dato guardado: 2026-07-14 03:15:04 | Mexico City | temp=14.94C | broken clouds
===== Mexico-Clima | Grupo 3 ICCD332 =====
[OK] Dato guardado: 2026-07-14 03:30:04 | Mexico City | temp=14.94C | broken clouds
===== Mexico-Clima | Grupo 3 ICCD332 =====
[OK] Dato guardado: 2026-07-14 03:45:06 | Mexico City | temp=14.94C | broken clouds
===== Mexico-Clima | Grupo 3 ICCD332 =====
[OK] Dato guardado: 2026-07-14 05:15:03 | Mexico City | temp=14.94C | broken clouds
===== Mexico-Clima | Grupo 3 ICCD332 =====
[OK] Dato guardado: 2026-07-14 05:30:02 | Mexico City | temp=14.94C | broken clouds
===== Mexico-Clima | Grupo 3 ICCD332 =====
[OK] Dato guardado: 2026-07-14 05:45:02 | Mexico City | temp=14.94C | broken clouds
===== Mexico-Clima | Grupo 3 ICCD332 =====
[OK] Dato guardado: 2026-07-14 06:00:02 | Mexico City | temp=14.94C | broken clouds
===== Mexico-Clima | Grupo 3 ICCD332 =====
[OK] Dato guardado: 2026-07-14 06:15:03 | Mexico City | temp=13.83C | broken clouds
===== Mexico-Clima | Grupo 3 ICCD332 =====
[OK] Dato guardado: 2026-07-14 06:30:02 | Mexico City | temp=13.83C | broken clouds
===== Mexico-Clima | Grupo 3 ICCD332 =====
[OK] Dato guardado: 2026-07-14 06:45:02 | Mexico City | temp=13.83C | overcast clouds
===== Mexico-Clima | Grupo 3 ICCD332 =====
[OK] Dato guardado: 2026-07-14 07:00:03 | Mexico City | temp=13.83C | overcast clouds
===== Mexico-Clima | Grupo 3 ICCD332 =====
[OK] Dato guardado: 2026-07-14 07:15:02 | Mexico City | temp=13.83C | overcast clouds
===== Mexico-Clima | Grupo 3 ICCD332 =====
[OK] Dato guardado: 2026-07-14 07:30:02 | Mexico City | temp=13.83C | overcast clouds
===== Mexico-Clima | Grupo 3 ICCD332 =====
[OK] Dato guardado: 2026-07-14 07:45:03 | Mexico City | temp=13.83C | broken clouds
===== Mexico-Clima | Grupo 3 ICCD332 =====
[OK] Dato guardado: 2026-07-14 08:00:02 | Mexico City | temp=13.83C | broken clouds
===== Mexico-Clima | Grupo 3 ICCD332 =====
[OK] Dato guardado: 2026-07-14 08:15:02 | Mexico City | temp=13.83C | broken clouds
===== Mexico-Clima | Grupo 3 ICCD332 =====
[OK] Dato guardado: 2026-07-14 08:30:02 | Mexico City | temp=13.86C | broken clouds
===== Mexico-Clima | Grupo 3 ICCD332 =====
[OK] Dato guardado: 2026-07-14 08:45:03 | Mexico City | temp=13.83C | broken clouds
===== Mexico-Clima | Grupo 3 ICCD332 =====
[OK] Dato guardado: 2026-07-14 09:00:02 | Mexico City | temp=13.83C | broken clouds
===== Mexico-Clima | Grupo 3 ICCD332 =====
[OK] Dato guardado: 2026-07-14 09:15:02 | Mexico City | temp=13.83C | broken clouds
===== Mexico-Clima | Grupo 3 ICCD332 =====
[OK] Dato guardado: 2026-07-14 09:30:02 | Mexico City | temp=13.83C | broken clouds
===== Mexico-Clima | Grupo 3 ICCD332 =====
[OK] Dato guardado: 2026-07-14 09:45:02 | Mexico City | temp=13.83C | broken clouds
===== Mexico-Clima | Grupo 3 ICCD332 =====
[OK] Dato guardado: 2026-07-14 10:00:03 | Mexico City | temp=13.83C | broken clouds
===== Mexico-Clima | Grupo 3 ICCD332 =====
[OK] Dato guardado: 2026-07-14 10:15:02 | Mexico City | temp=15.5C | broken clouds
===== Mexico-Clima | Grupo 3 ICCD332 =====
[OK] Dato guardado: 2026-07-14 10:30:03 | Mexico City | temp=15.5C | broken clouds
===== Mexico-Clima | Grupo 3 ICCD332 =====
[OK] Dato guardado: 2026-07-14 10:45:02 | Mexico City | temp=17.75C | scattered clouds
===== Mexico-Clima | Grupo 3 ICCD332 =====
[OK] Dato guardado: 2026-07-14 11:00:02 | Mexico City | temp=17.75C | scattered clouds
===== Mexico-Clima | Grupo 3 ICCD332 =====
[OK] Dato guardado: 2026-07-14 11:15:02 | Mexico City | temp=18.83C | scattered clouds
===== Mexico-Clima | Grupo 3 ICCD332 =====
[OK] Dato guardado: 2026-07-14 11:30:02 | Mexico City | temp=18.83C | scattered clouds
===== Mexico-Clima | Grupo 3 ICCD332 =====
[OK] Dato guardado: 2026-07-14 11:45:02 | Mexico City | temp=18.86C | scattered clouds
===== Mexico-Clima | Grupo 3 ICCD332 =====
[OK] Dato guardado: 2026-07-14 12:00:03 | Mexico City | temp=18.83C | scattered clouds
===== Mexico-Clima | Grupo 3 ICCD332 =====
[OK] Dato guardado: 2026-07-14 12:15:02 | Mexico City | temp=19.94C | scattered clouds
===== Mexico-Clima | Grupo 3 ICCD332 =====
[OK] Dato guardado: 2026-07-14 12:30:02 | Mexico City | temp=19.94C | scattered clouds
===== Mexico-Clima | Grupo 3 ICCD332 =====
[OK] Dato guardado: 2026-07-14 12:45:02 | Mexico City | temp=19.94C | scattered clouds
===== Mexico-Clima | Grupo 3 ICCD332 =====
[OK] Dato guardado: 2026-07-14 13:00:03 | Mexico City | temp=21.61C | scattered clouds
===== Mexico-Clima | Grupo 3 ICCD332 =====
[OK] Dato guardado: 2026-07-14 13:15:02 | Mexico City | temp=22.72C | scattered clouds
===== Mexico-Clima | Grupo 3 ICCD332 =====
[OK] Dato guardado: 2026-07-14 13:30:02 | Mexico City | temp=22.72C | scattered clouds
===== Mexico-Clima | Grupo 3 ICCD332 =====
[OK] Dato guardado: 2026-07-14 13:45:02 | Mexico City | temp=22.72C | clear sky
===== Mexico-Clima | Grupo 3 ICCD332 =====
[OK] Dato guardado: 2026-07-14 14:00:03 | Mexico City | temp=22.72C | clear sky
===== Mexico-Clima | Grupo 3 ICCD332 =====
[OK] Dato guardado: 2026-07-14 14:15:02 | Mexico City | temp=22.72C | clear sky
===== Mexico-Clima | Grupo 3 ICCD332 =====
[OK] Dato guardado: 2026-07-14 14:30:02 | Mexico City | temp=22.72C | clear sky
===== Mexico-Clima | Grupo 3 ICCD332 =====
[OK] Dato guardado: 2026-07-14 14:45:02 | Mexico City | temp=22.72C | clear sky
===== Mexico-Clima | Grupo 3 ICCD332 =====
[OK] Dato guardado: 2026-07-14 15:00:02 | Mexico City | temp=22.72C | clear sky
===== Mexico-Clima | Grupo 3 ICCD332 =====
[OK] Dato guardado: 2026-07-14 15:15:02 | Mexico City | temp=23.83C | clear sky
===== Mexico-Clima | Grupo 3 ICCD332 =====
[OK] Dato guardado: 2026-07-14 15:30:02 | Mexico City | temp=23.83C | clear sky
===== Mexico-Clima | Grupo 3 ICCD332 =====
[OK] Dato guardado: 2026-07-14 15:45:02 | Mexico City | temp=23.83C | clear sky
===== Mexico-Clima | Grupo 3 ICCD332 =====
[OK] Dato guardado: 2026-07-14 16:00:02 | Mexico City | temp=23.83C | clear sky
===== Mexico-Clima | Grupo 3 ICCD332 =====
[OK] Dato guardado: 2026-07-14 16:15:03 | Mexico City | temp=24.94C | clear sky
===== Mexico-Clima | Grupo 3 ICCD332 =====
[OK] Dato guardado: 2026-07-14 16:30:02 | Mexico City | temp=24.94C | clear sky
===== Mexico-Clima | Grupo 3 ICCD332 =====
[OK] Dato guardado: 2026-07-14 16:45:02 | Mexico City | temp=24.94C | clear sky
===== Mexico-Clima | Grupo 3 ICCD332 =====
[OK] Dato guardado: 2026-07-14 17:00:02 | Mexico City | temp=24.94C | clear sky
===== Mexico-Clima | Grupo 3 ICCD332 =====
[OK] Dato guardado: 2026-07-14 17:15:03 | Mexico City | temp=24.94C | clear sky
===== Mexico-Clima | Grupo 3 ICCD332 =====
[OK] Dato guardado: 2026-07-14 17:30:02 | Mexico City | temp=25.5C | clear sky
===== Mexico-Clima | Grupo 3 ICCD332 =====
[OK] Dato guardado: 2026-07-14 17:45:02 | Mexico City | temp=25.5C | light rain
===== Mexico-Clima | Grupo 3 ICCD332 =====
[OK] Dato guardado: 2026-07-14 18:00:03 | Mexico City | temp=25.5C | light rain
===== Mexico-Clima | Grupo 3 ICCD332 =====
[OK] Dato guardado: 2026-07-14 18:15:02 | Mexico City | temp=24.94C | light rain
===== Mexico-Clima | Grupo 3 ICCD332 =====
[OK] Dato guardado: 2026-07-14 18:30:03 | Mexico City | temp=24.94C | few clouds
